<?xml version="1.0" encoding="UTF-8"?>
<testng-results skipped="0" failed="0" ignored="0" total="1" passed="1">
  <reporter-output>
  </reporter-output>
  <suite name="Default suite" duration-ms="24" started-at="2020-04-03T18:26:08Z" finished-at="2020-04-03T18:26:08Z">
    <groups>
    </groups>
    <test name="Default test" duration-ms="24" started-at="2020-04-03T18:26:08Z" finished-at="2020-04-03T18:26:08Z">
      <class name="Day1.Lesson1">
        <test-method status="PASS" signature="test1()[pri:0, instance:Day1.Lesson1@548b7f67]" name="test1" duration-ms="8" started-at="2020-04-03T18:26:08Z" finished-at="2020-04-03T18:26:08Z">
          <reporter-output>
          </reporter-output>
        </test-method> <!-- test1 -->
      </class> <!-- Day1.Lesson1 -->
    </test> <!-- Default test -->
  </suite> <!-- Default suite -->
</testng-results>
